Using pre-set license
Built from '2020.3/release' branch; Version is '2020.3.15f2 (6cf78cb77498) revision 7141260'; Using compiler version '192528614'; Build Type 'Release'
OS: 'Windows 10 Home Single Language; OS build 19042.1165; Version 2009; 64bit' Language: 'ru' Physical Memory: 3911 MB
BatchMode: 1, IsHumanControllingUs: 0, StartBugReporterOnCrash: 0, Is64bit: 1, IsPro: 0

 COMMAND LINE ARGUMENTS:
C:\Program Files\Unity\Hub\Editor\2020.3.15f2\Editor\Unity.exe
-adb2
-batchMode
-noUpm
-name
AssetImportWorker8
-projectPath
C:/Users/propo/OneDrive/Документы/Unity Projects/Game001-2020-08-03/Game001
-logFile
Logs/AssetImportWorker8.log
-srvPort
62514
Successfully changed project path to: C:/Users/propo/OneDrive/Документы/Unity Projects/Game001-2020-08-03/Game001
C:/Users/propo/OneDrive/Документы/Unity Projects/Game001-2020-08-03/Game001
Using Asset Import Pipeline V2.
Refreshing native plugins compatible for Editor in 180.18 ms, found 2 plugins.
Preloading 0 native plugins for Editor in 0.00 ms.
Initialize engine version: 2020.3.15f2 (6cf78cb77498)
[Subsystems] Discovering subsystems at path C:/Program Files/Unity/Hub/Editor/2020.3.15f2/Editor/Data/Resources/UnitySubsystems
[Subsystems] Discovering subsystems at path C:/Users/propo/OneDrive/Документы/Unity Projects/Game001-2020-08-03/Game001/Assets
GfxDevice: creating device client; threaded=0
Direct3D:
    Version:  Direct3D 11.0 [level 11.1]
    Renderer: Intel(R) UHD Graphics 605 (ID=0x3184)
    Vendor:   
    VRAM:     1955 MB
    Driver:   27.20.100.8681
Initialize mono
Mono path[0] = 'C:/Program Files/Unity/Hub/Editor/2020.3.15f2/Editor/Data/Managed'
Mono path[1] = 'C:/Program Files/Unity/Hub/Editor/2020.3.15f2/Editor/Data/MonoBleedingEdge/lib/mono/unityjit'
Mono config path = 'C:/Program Files/Unity/Hub/Editor/2020.3.15f2/Editor/Data/MonoBleedingEdge/etc'
Using monoOptions --debugger-agent=transport=dt_socket,embedding=1,server=y,suspend=n,address=127.0.0.1:56532
Begin MonoManager ReloadAssembly
Registering precompiled unity dll's ...
Register platform support module: C:/Program Files/Unity/Hub/Editor/2020.3.15f2/Editor/Data/PlaybackEngines/WindowsStandaloneSupport/UnityEditor.WindowsStandalone.Extensions.dll
Registered in 0.008182 seconds.
Native extension for WindowsStandalone target not found
Refreshing native plugins compatible for Editor in 138.58 ms, found 2 plugins.
Preloading 0 native plugins for Editor in 0.00 ms.
Mono: successfully reloaded assembly
- Completed reload, in  8.348 seconds
Domain Reload Profiling:
	ReloadAssembly (8348ms)
		BeginReloadAssembly (227ms)
			ExecutionOrderSort (0ms)
			DisableScriptedObjects (0ms)
			BackupInstance (0ms)
			ReleaseScriptingObjects (0ms)
			CreateAndSetChildDomain (3ms)
		EndReloadAssembly (1555ms)
			LoadAssemblies (216ms)
			RebuildTransferFunctionScriptingTraits (0ms)
			SetupTypeCache (564ms)
			ReleaseScriptCaches (0ms)
			RebuildScriptCaches (126ms)
			SetupLoadedEditorAssemblies (598ms)
				LogAssemblyErrors (0ms)
				InitializePlatformSupportModulesInManaged (14ms)
				SetLoadedEditorAssemblies (1ms)
				RefreshPlugins (139ms)
				BeforeProcessingInitializeOnLoad (50ms)
				ProcessInitializeOnLoadAttributes (297ms)
				ProcessInitializeOnLoadMethodAttributes (97ms)
				AfterProcessingInitializeOnLoad (0ms)
				EditorAssembliesLoaded (1ms)
			ExecutionOrderSort2 (0ms)
			AwakeInstancesAfterBackupRestoration (0ms)
Platform modules already initialized, skipping
Registering precompiled user dll's ...
Registered in 0.018072 seconds.
Begin MonoManager ReloadAssembly
Native extension for WindowsStandalone target not found
Refreshing native plugins compatible for Editor in 1.26 ms, found 2 plugins.
Preloading 0 native plugins for Editor in 0.00 ms.
Mono: successfully reloaded assembly
- Completed reload, in  6.369 seconds
Domain Reload Profiling:
	ReloadAssembly (6376ms)
		BeginReloadAssembly (1079ms)
			ExecutionOrderSort (0ms)
			DisableScriptedObjects (212ms)
			BackupInstance (0ms)
			ReleaseScriptingObjects (0ms)
			CreateAndSetChildDomain (78ms)
		EndReloadAssembly (4974ms)
			LoadAssemblies (360ms)
			RebuildTransferFunctionScriptingTraits (0ms)
			SetupTypeCache (1302ms)
			ReleaseScriptCaches (1ms)
			RebuildScriptCaches (199ms)
			SetupLoadedEditorAssemblies (2491ms)
				LogAssemblyErrors (0ms)
				InitializePlatformSupportModulesInManaged (24ms)
				SetLoadedEditorAssemblies (2ms)
				RefreshPlugins (2ms)
				BeforeProcessingInitializeOnLoad (645ms)
				ProcessInitializeOnLoadAttributes (1755ms)
				ProcessInitializeOnLoadMethodAttributes (27ms)
				AfterProcessingInitializeOnLoad (35ms)
				EditorAssembliesLoaded (1ms)
			ExecutionOrderSort2 (0ms)
			AwakeInstancesAfterBackupRestoration (35ms)
Platform modules already initialized, skipping
========================================================================
Worker process is ready to serve import requests
Launched and connected shader compiler UnityShaderCompiler.exe after 0.52 seconds
Refreshing native plugins compatible for Editor in 1.83 ms, found 2 plugins.
Preloading 0 native plugins for Editor in 0.00 ms.
Unloading 1464 Unused Serialized files (Serialized files now loaded: 0)
System memory in use before: 67.8 MB.
System memory in use after: 67.9 MB.

Unloading 19 unused Assets to reduce memory usage. Loaded Objects now: 1898.
Total: 27.524400 ms (FindLiveObjects: 0.700200 ms CreateObjectMapping: 1.751300 ms MarkObjects: 22.928900 ms  DeleteObjects: 2.137200 ms)

AssetImportParameters requested are different than current active one (requested -> active):
  custom:framework-win-MediaFoundation: 216162199b28c13a410421893ffa2e32 -> 
  custom:video-decoder-ogg-theora: a1e56fd34408186e4bbccfd4996cb3dc -> 
  custom:container-muxer-webm: aa71ff27fc2769a1b78a27578f13a17b -> 
  custom:container-demuxer-webm: 4f35f7cbe854078d1ac9338744f61a02 -> 
  custom:container-demuxer-ogg: 62fdf1f143b41e24485cea50d1cbac27 -> 
  custom:video-encoder-webm-vp8: eb34c28f22e8b96e1ab97ce403110664 -> 
  custom:video-decoder-webm-vp8: 9c59270c3fd7afecdb556c50c9e8de78 -> 
  custom:audio-decoder-ogg-vorbis: bf7c407c2cedff20999df2af8eb42d56 -> 
  custom:audio-encoder-webm-vorbis: bf7c407c2cedff20999df2af8eb42d56 -> 
========================================================================
Received Import Request.
  path: Assets/Scripts/UI/Gameplay/Field/GameFieldCTRL.cs
  artifactKey: Guid(f635d36367ce7d44384a87b8b15f01cc) Importer(815301076,1909f56bfc062723c751e8b465ee728b)
Start importing Assets/Scripts/UI/Gameplay/Field/GameFieldCTRL.cs using Guid(f635d36367ce7d44384a87b8b15f01cc) Importer(815301076,1909f56bfc062723c751e8b465ee728b)  -> (artifact id: 'f9c94c245f3111333a9d61bb5923949e') in 0.499759 seconds 
  Import took 0.515886 seconds .

========================================================================
Received Import Request.
  Time since last request: 62.849081 seconds.
  path: Assets/Scripts/UI/Gameplay/Field/GameFieldCTRL.cs
  artifactKey: Guid(f635d36367ce7d44384a87b8b15f01cc) Importer(815301076,1909f56bfc062723c751e8b465ee728b)
Start importing Assets/Scripts/UI/Gameplay/Field/GameFieldCTRL.cs using Guid(f635d36367ce7d44384a87b8b15f01cc) Importer(815301076,1909f56bfc062723c751e8b465ee728b)  -> (artifact id: '7331321698fd699ebcad4fd49fbbc632') in 0.054645 seconds 
  Import took 0.060280 seconds .

========================================================================
Received Import Request.
  Time since last request: 0.073609 seconds.
  path: Assets/Scripts/UI/Gameplay/Field/GameFieldCTRL.cs
  artifactKey: Guid(f635d36367ce7d44384a87b8b15f01cc) Importer(815301076,1909f56bfc062723c751e8b465ee728b)
Start importing Assets/Scripts/UI/Gameplay/Field/GameFieldCTRL.cs using Guid(f635d36367ce7d44384a87b8b15f01cc) Importer(815301076,1909f56bfc062723c751e8b465ee728b)  -> (artifact id: '7331321698fd699ebcad4fd49fbbc632') in 0.058283 seconds 
  Import took 0.073975 seconds .

========================================================================
Received Import Request.
  Time since last request: 84.946839 seconds.
  path: Assets/Scripts/UI/Gameplay/Field/GameFieldCTRL.cs
  artifactKey: Guid(f635d36367ce7d44384a87b8b15f01cc) Importer(815301076,1909f56bfc062723c751e8b465ee728b)
Start importing Assets/Scripts/UI/Gameplay/Field/GameFieldCTRL.cs using Guid(f635d36367ce7d44384a87b8b15f01cc) Importer(815301076,1909f56bfc062723c751e8b465ee728b)  -> (artifact id: 'ab08b9ef7a4b3e243b4b6b11910eeb57') in 0.300461 seconds 
  Import took 0.562834 seconds .

========================================================================
Received Import Request.
  Time since last request: 231.090137 seconds.
  path: Assets/Scripts/UI/Gameplay/Field/GameFieldCTRL.cs
  artifactKey: Guid(f635d36367ce7d44384a87b8b15f01cc) Importer(815301076,1909f56bfc062723c751e8b465ee728b)
Start importing Assets/Scripts/UI/Gameplay/Field/GameFieldCTRL.cs using Guid(f635d36367ce7d44384a87b8b15f01cc) Importer(815301076,1909f56bfc062723c751e8b465ee728b)  -> (artifact id: '3352e33b5cd3d408b41c2492717860ea') in 0.167674 seconds 
  Import took 0.202738 seconds .

========================================================================
Received Import Request.
  Time since last request: 8.772441 seconds.
  path: Assets/Scripts/UI/Gameplay/Field/GameFieldCTRL.cs
  artifactKey: Guid(f635d36367ce7d44384a87b8b15f01cc) Importer(815301076,1909f56bfc062723c751e8b465ee728b)
Start importing Assets/Scripts/UI/Gameplay/Field/GameFieldCTRL.cs using Guid(f635d36367ce7d44384a87b8b15f01cc) Importer(815301076,1909f56bfc062723c751e8b465ee728b)  -> (artifact id: '9dd3815bcaf8e7c9e4d16c205191f66d') in 0.146304 seconds 
  Import took 0.161745 seconds .

========================================================================
Received Import Request.
  Time since last request: 89.796935 seconds.
  path: Assets/Scripts/UI/Gameplay/Field/GameFieldCTRL.cs
  artifactKey: Guid(f635d36367ce7d44384a87b8b15f01cc) Importer(815301076,1909f56bfc062723c751e8b465ee728b)
Start importing Assets/Scripts/UI/Gameplay/Field/GameFieldCTRL.cs using Guid(f635d36367ce7d44384a87b8b15f01cc) Importer(815301076,1909f56bfc062723c751e8b465ee728b)  -> (artifact id: '9b7af1d05986b306b5440b5bed82445d') in 0.145590 seconds 
  Import took 0.214745 seconds .

========================================================================
Received Import Request.
  Time since last request: 7.671869 seconds.
  path: Assets/Scripts/UI/Gameplay/Field/GameFieldCTRL.cs
  artifactKey: Guid(f635d36367ce7d44384a87b8b15f01cc) Importer(815301076,1909f56bfc062723c751e8b465ee728b)
Start importing Assets/Scripts/UI/Gameplay/Field/GameFieldCTRL.cs using Guid(f635d36367ce7d44384a87b8b15f01cc) Importer(815301076,1909f56bfc062723c751e8b465ee728b)  -> (artifact id: '032b9abdaa627a7abc3098440e5bb060') in 0.147787 seconds 
  Import took 0.257367 seconds .

========================================================================
Received Import Request.
  Time since last request: 176.416678 seconds.
  path: Assets/Scripts/UI/Gameplay/Field/GameFieldCTRL.cs
  artifactKey: Guid(f635d36367ce7d44384a87b8b15f01cc) Importer(815301076,1909f56bfc062723c751e8b465ee728b)
Start importing Assets/Scripts/UI/Gameplay/Field/GameFieldCTRL.cs using Guid(f635d36367ce7d44384a87b8b15f01cc) Importer(815301076,1909f56bfc062723c751e8b465ee728b)  -> (artifact id: 'e27e4d12d1a6fc53cce4bad919468bd6') in 0.832870 seconds 
  Import took 1.033660 seconds .

========================================================================
Received Import Request.
  Time since last request: 7.974266 seconds.
  path: Assets/Scripts/UI/Gameplay/Field/GameFieldCTRL.cs
  artifactKey: Guid(f635d36367ce7d44384a87b8b15f01cc) Importer(815301076,1909f56bfc062723c751e8b465ee728b)
Start importing Assets/Scripts/UI/Gameplay/Field/GameFieldCTRL.cs using Guid(f635d36367ce7d44384a87b8b15f01cc) Importer(815301076,1909f56bfc062723c751e8b465ee728b)  -> (artifact id: 'db0589153565e58b3db578ccc8282dfa') in 0.313842 seconds 
  Import took 0.324547 seconds .

========================================================================
Received Import Request.
  Time since last request: 63.791144 seconds.
  path: Assets/Scripts/UI/Gameplay/Field/GameFieldCTRL.cs
  artifactKey: Guid(f635d36367ce7d44384a87b8b15f01cc) Importer(815301076,1909f56bfc062723c751e8b465ee728b)
Start importing Assets/Scripts/UI/Gameplay/Field/GameFieldCTRL.cs using Guid(f635d36367ce7d44384a87b8b15f01cc) Importer(815301076,1909f56bfc062723c751e8b465ee728b)  -> (artifact id: 'fc63dc06a1d877d39a527a2e8dab55e6') in 0.120247 seconds 
  Import took 0.172714 seconds .

========================================================================
Received Import Request.
  Time since last request: 15.807513 seconds.
  path: Assets/Scripts/UI/Gameplay/Field/GameFieldCTRL.cs
  artifactKey: Guid(f635d36367ce7d44384a87b8b15f01cc) Importer(815301076,1909f56bfc062723c751e8b465ee728b)
Start importing Assets/Scripts/UI/Gameplay/Field/GameFieldCTRL.cs using Guid(f635d36367ce7d44384a87b8b15f01cc) Importer(815301076,1909f56bfc062723c751e8b465ee728b)  -> (artifact id: 'b981e51b22aede6705376373b5885d58') in 0.135834 seconds 
  Import took 0.150316 seconds .

========================================================================
Received Import Request.
  Time since last request: 30.790113 seconds.
  path: Assets/Scripts/UI/Gameplay/Field/GameFieldCTRL.cs
  artifactKey: Guid(f635d36367ce7d44384a87b8b15f01cc) Importer(815301076,1909f56bfc062723c751e8b465ee728b)
Start importing Assets/Scripts/UI/Gameplay/Field/GameFieldCTRL.cs using Guid(f635d36367ce7d44384a87b8b15f01cc) Importer(815301076,1909f56bfc062723c751e8b465ee728b)  -> (artifact id: 'ea0deb5ac19ea4a73c3eef3c9e32b7ca') in 0.149932 seconds 
  Import took 0.184543 seconds .

========================================================================
Received Import Request.
  Time since last request: 59.265991 seconds.
  path: Assets/Scripts/UI/Gameplay/Field/GameFieldCTRL.cs
  artifactKey: Guid(f635d36367ce7d44384a87b8b15f01cc) Importer(815301076,1909f56bfc062723c751e8b465ee728b)
Start importing Assets/Scripts/UI/Gameplay/Field/GameFieldCTRL.cs using Guid(f635d36367ce7d44384a87b8b15f01cc) Importer(815301076,1909f56bfc062723c751e8b465ee728b)  -> (artifact id: '4b6030e9087a4bb850295a29438c303c') in 0.092393 seconds 
  Import took 0.101214 seconds .

========================================================================
Received Import Request.
  Time since last request: 22.082708 seconds.
  path: Assets/Scripts/UI/Gameplay/Field/GameFieldCTRL.cs
  artifactKey: Guid(f635d36367ce7d44384a87b8b15f01cc) Importer(815301076,1909f56bfc062723c751e8b465ee728b)
Start importing Assets/Scripts/UI/Gameplay/Field/GameFieldCTRL.cs using Guid(f635d36367ce7d44384a87b8b15f01cc) Importer(815301076,1909f56bfc062723c751e8b465ee728b)  -> (artifact id: '76be6603aaab1bf604c0d1e16897417d') in 0.655653 seconds 
  Import took 0.667948 seconds .

========================================================================
Received Import Request.
  Time since last request: 29.125882 seconds.
  path: Assets/Scripts/UI/Gameplay/Field/GameFieldCTRL.cs
  artifactKey: Guid(f635d36367ce7d44384a87b8b15f01cc) Importer(815301076,1909f56bfc062723c751e8b465ee728b)
Start importing Assets/Scripts/UI/Gameplay/Field/GameFieldCTRL.cs using Guid(f635d36367ce7d44384a87b8b15f01cc) Importer(815301076,1909f56bfc062723c751e8b465ee728b)  -> (artifact id: 'a6a6547830b8c61f4f35dadfcbaa0fb3') in 0.087055 seconds 
  Import took 0.162778 seconds .

========================================================================
Received Import Request.
  Time since last request: 31.893057 seconds.
  path: Assets/Scripts/UI/Gameplay/Field/GameFieldCTRL.cs
  artifactKey: Guid(f635d36367ce7d44384a87b8b15f01cc) Importer(815301076,1909f56bfc062723c751e8b465ee728b)
Start importing Assets/Scripts/UI/Gameplay/Field/GameFieldCTRL.cs using Guid(f635d36367ce7d44384a87b8b15f01cc) Importer(815301076,1909f56bfc062723c751e8b465ee728b)  -> (artifact id: '915138c03c75b8691ae8aa2367c9383a') in 0.136589 seconds 
  Import took 0.150741 seconds .

========================================================================
Received Import Request.
  Time since last request: 21.253998 seconds.
  path: Assets/Scripts/UI/Gameplay/Field/GameFieldCTRL.cs
  artifactKey: Guid(f635d36367ce7d44384a87b8b15f01cc) Importer(815301076,1909f56bfc062723c751e8b465ee728b)
Start importing Assets/Scripts/UI/Gameplay/Field/GameFieldCTRL.cs using Guid(f635d36367ce7d44384a87b8b15f01cc) Importer(815301076,1909f56bfc062723c751e8b465ee728b)  -> (artifact id: 'de383497ad80eacdb918af6fa3bd9a9d') in 0.079874 seconds 
  Import took 0.127867 seconds .

========================================================================
Received Import Request.
  Time since last request: 114.999050 seconds.
  path: Assets/Scripts/UI/Gameplay/Field/GameFieldCTRL.cs
  artifactKey: Guid(f635d36367ce7d44384a87b8b15f01cc) Importer(815301076,1909f56bfc062723c751e8b465ee728b)
Start importing Assets/Scripts/UI/Gameplay/Field/GameFieldCTRL.cs using Guid(f635d36367ce7d44384a87b8b15f01cc) Importer(815301076,1909f56bfc062723c751e8b465ee728b)  -> (artifact id: '8c768c0448e04d544bf6cb8ae5057fd0') in 0.486959 seconds 
  Import took 0.496683 seconds .

========================================================================
Received Import Request.
  Time since last request: 177.917122 seconds.
  path: Assets/Scripts/UI/Gameplay/Field/GameFieldCTRL.cs
  artifactKey: Guid(f635d36367ce7d44384a87b8b15f01cc) Importer(815301076,1909f56bfc062723c751e8b465ee728b)
Start importing Assets/Scripts/UI/Gameplay/Field/GameFieldCTRL.cs using Guid(f635d36367ce7d44384a87b8b15f01cc) Importer(815301076,1909f56bfc062723c751e8b465ee728b)  -> (artifact id: 'aee2e6af7daebe20086a75d5b6672bc7') in 0.212662 seconds 
  Import took 0.235489 seconds .

========================================================================
Received Prepare
Registering precompiled user dll's ...
Registered in 0.041274 seconds.
Begin MonoManager ReloadAssembly
Native extension for WindowsStandalone target not found
Refreshing native plugins compatible for Editor in 1.82 ms, found 2 plugins.
Preloading 0 native plugins for Editor in 0.00 ms.
Mono: successfully reloaded assembly
- Completed reload, in  5.653 seconds
Domain Reload Profiling:
	ReloadAssembly (5673ms)
		BeginReloadAssembly (1092ms)
			ExecutionOrderSort (0ms)
			DisableScriptedObjects (103ms)
			BackupInstance (0ms)
			ReleaseScriptingObjects (0ms)
			CreateAndSetChildDomain (556ms)
		EndReloadAssembly (4232ms)
			LoadAssemblies (497ms)
			RebuildTransferFunctionScriptingTraits (0ms)
			SetupTypeCache (1409ms)
			ReleaseScriptCaches (2ms)
			RebuildScriptCaches (150ms)
			SetupLoadedEditorAssemblies (1766ms)
				LogAssemblyErrors (0ms)
				InitializePlatformSupportModulesInManaged (24ms)
				SetLoadedEditorAssemblies (5ms)
				RefreshPlugins (2ms)
				BeforeProcessingInitializeOnLoad (376ms)
				ProcessInitializeOnLoadAttributes (1320ms)
				ProcessInitializeOnLoadMethodAttributes (14ms)
				AfterProcessingInitializeOnLoad (24ms)
				EditorAssembliesLoaded (1ms)
			ExecutionOrderSort2 (0ms)
			AwakeInstancesAfterBackupRestoration (22ms)
Platform modules already initialized, skipping
Switching build target platform(19) subTarget(0) extendedPlatform(0) -> platform(13) subTarget(537395200) extendedPlatform(0)
Refreshing native plugins compatible for Editor in 1.32 ms, found 2 plugins.
Preloading 0 native plugins for Editor in 0.00 ms.
Unloading 1462 Unused Serialized files (Serialized files now loaded: 0)
System memory in use before: 67.7 MB.
System memory in use after: 67.7 MB.

Unloading 14 unused Assets to reduce memory usage. Loaded Objects now: 1901.
Total: 19.971400 ms (FindLiveObjects: 2.325600 ms CreateObjectMapping: 0.405900 ms MarkObjects: 16.665000 ms  DeleteObjects: 0.569800 ms)

AssetImportParameters requested are different than current active one (requested -> active):
  custom:framework-win-MediaFoundation: 216162199b28c13a410421893ffa2e32 -> 
  custom:video-decoder-ogg-theora: a1e56fd34408186e4bbccfd4996cb3dc -> 
  custom:container-muxer-webm: aa71ff27fc2769a1b78a27578f13a17b -> 
  custom:container-demuxer-webm: 4f35f7cbe854078d1ac9338744f61a02 -> 
  custom:container-demuxer-ogg: 62fdf1f143b41e24485cea50d1cbac27 -> 
  custom:video-encoder-webm-vp8: eb34c28f22e8b96e1ab97ce403110664 -> 
  custom:video-decoder-webm-vp8: 9c59270c3fd7afecdb556c50c9e8de78 -> 
  custom:graphics/normal-map-encoding: 01000000000000000000000000000000 -> 02000000000000000000000000000000
  custom:audio-decoder-ogg-vorbis: bf7c407c2cedff20999df2af8eb42d56 -> 
  custom:audio-encoder-webm-vorbis: bf7c407c2cedff20999df2af8eb42d56 -> 
========================================================================
Received Import Request.
  Time since last request: 72.142997 seconds.
  path: Assets/Prefabs/UI/Gameplay/GameField.prefab
  artifactKey: Guid(80f4821f131eaa845bbaf3dd8f45e070) Importer(815301076,1909f56bfc062723c751e8b465ee728b)
Start importing Assets/Prefabs/UI/Gameplay/GameField.prefab using Guid(80f4821f131eaa845bbaf3dd8f45e070) Importer(815301076,1909f56bfc062723c751e8b465ee728b)  -> (artifact id: 'aabbc0a6404f891b717b07db6b373418') in 0.335886 seconds 
  Import took 0.349523 seconds .

========================================================================
Received Import Request.
  Time since last request: 0.000895 seconds.
  path: Assets/Prefabs/UI/Gameplay/InternalObject.prefab
  artifactKey: Guid(5904676681b63c144b0044448c25fd67) Importer(815301076,1909f56bfc062723c751e8b465ee728b)
Start importing Assets/Prefabs/UI/Gameplay/InternalObject.prefab using Guid(5904676681b63c144b0044448c25fd67) Importer(815301076,1909f56bfc062723c751e8b465ee728b)  -> (artifact id: '27dce37016f76f5b20f9bb5bfa517f58') in 0.160586 seconds 
  Import took 0.171641 seconds .

========================================================================
Received Prepare
Registering precompiled user dll's ...
Registered in 0.052585 seconds.
Begin MonoManager ReloadAssembly
Native extension for WindowsStandalone target not found
Refreshing native plugins compatible for Editor in 1.21 ms, found 2 plugins.
Preloading 0 native plugins for Editor in 0.00 ms.
Mono: successfully reloaded assembly
- Completed reload, in  6.285 seconds
Domain Reload Profiling:
	ReloadAssembly (6309ms)
		BeginReloadAssembly (724ms)
			ExecutionOrderSort (0ms)
			DisableScriptedObjects (70ms)
			BackupInstance (0ms)
			ReleaseScriptingObjects (0ms)
			CreateAndSetChildDomain (307ms)
		EndReloadAssembly (4902ms)
			LoadAssemblies (446ms)
			RebuildTransferFunctionScriptingTraits (0ms)
			SetupTypeCache (2142ms)
			ReleaseScriptCaches (3ms)
			RebuildScriptCaches (152ms)
			SetupLoadedEditorAssemblies (1532ms)
				LogAssemblyErrors (0ms)
				InitializePlatformSupportModulesInManaged (19ms)
				SetLoadedEditorAssemblies (2ms)
				RefreshPlugins (1ms)
				BeforeProcessingInitializeOnLoad (319ms)
				ProcessInitializeOnLoadAttributes (1135ms)
				ProcessInitializeOnLoadMethodAttributes (22ms)
				AfterProcessingInitializeOnLoad (31ms)
				EditorAssembliesLoaded (1ms)
			ExecutionOrderSort2 (0ms)
			AwakeInstancesAfterBackupRestoration (39ms)
Platform modules already initialized, skipping
Switching build target platform(19) subTarget(0) extendedPlatform(0) -> platform(13) subTarget(537395200) extendedPlatform(0)
Refreshing native plugins compatible for Editor in 1.27 ms, found 2 plugins.
Preloading 0 native plugins for Editor in 0.00 ms.
Unloading 1462 Unused Serialized files (Serialized files now loaded: 0)
System memory in use before: 67.8 MB.
System memory in use after: 67.9 MB.

Unloading 14 unused Assets to reduce memory usage. Loaded Objects now: 1906.
Total: 10.361500 ms (FindLiveObjects: 0.678500 ms CreateObjectMapping: 0.171600 ms MarkObjects: 9.302700 ms  DeleteObjects: 0.204400 ms)

AssetImportParameters requested are different than current active one (requested -> active):
  custom:framework-win-MediaFoundation: 216162199b28c13a410421893ffa2e32 -> 
  custom:video-decoder-ogg-theora: a1e56fd34408186e4bbccfd4996cb3dc -> 
  custom:container-muxer-webm: aa71ff27fc2769a1b78a27578f13a17b -> 
  custom:container-demuxer-webm: 4f35f7cbe854078d1ac9338744f61a02 -> 
  custom:container-demuxer-ogg: 62fdf1f143b41e24485cea50d1cbac27 -> 
  custom:video-encoder-webm-vp8: eb34c28f22e8b96e1ab97ce403110664 -> 
  custom:video-decoder-webm-vp8: 9c59270c3fd7afecdb556c50c9e8de78 -> 
  custom:graphics/normal-map-encoding: 01000000000000000000000000000000 -> 02000000000000000000000000000000
  custom:audio-decoder-ogg-vorbis: bf7c407c2cedff20999df2af8eb42d56 -> 
  custom:audio-encoder-webm-vorbis: bf7c407c2cedff20999df2af8eb42d56 -> 
========================================================================
Received Prepare
Registering precompiled user dll's ...
Registered in 0.028142 seconds.
Begin MonoManager ReloadAssembly
Native extension for WindowsStandalone target not found
Refreshing native plugins compatible for Editor in 1.56 ms, found 2 plugins.
Preloading 0 native plugins for Editor in 0.00 ms.
Mono: successfully reloaded assembly
- Completed reload, in  4.856 seconds
Domain Reload Profiling:
	ReloadAssembly (4860ms)
		BeginReloadAssembly (455ms)
			ExecutionOrderSort (0ms)
			DisableScriptedObjects (30ms)
			BackupInstance (0ms)
			ReleaseScriptingObjects (0ms)
			CreateAndSetChildDomain (132ms)
		EndReloadAssembly (4119ms)
			LoadAssemblies (407ms)
			RebuildTransferFunctionScriptingTraits (2ms)
			SetupTypeCache (1286ms)
			ReleaseScriptCaches (3ms)
			RebuildScriptCaches (182ms)
			SetupLoadedEditorAssemblies (1720ms)
				LogAssemblyErrors (0ms)
				InitializePlatformSupportModulesInManaged (20ms)
				SetLoadedEditorAssemblies (2ms)
				RefreshPlugins (2ms)
				BeforeProcessingInitializeOnLoad (415ms)
				ProcessInitializeOnLoadAttributes (1241ms)
				ProcessInitializeOnLoadMethodAttributes (14ms)
				AfterProcessingInitializeOnLoad (26ms)
				EditorAssembliesLoaded (1ms)
			ExecutionOrderSort2 (0ms)
			AwakeInstancesAfterBackupRestoration (26ms)
Platform modules already initialized, skipping
Switching build target platform(19) subTarget(0) extendedPlatform(0) -> platform(13) subTarget(537395200) extendedPlatform(0)
Refreshing native plugins compatible for Editor in 1.25 ms, found 2 plugins.
Preloading 0 native plugins for Editor in 0.00 ms.
Unloading 1462 Unused Serialized files (Serialized files now loaded: 0)
System memory in use before: 67.9 MB.
System memory in use after: 67.9 MB.

Unloading 14 unused Assets to reduce memory usage. Loaded Objects now: 1909.
Total: 8.245900 ms (FindLiveObjects: 0.621000 ms CreateObjectMapping: 0.171700 ms MarkObjects: 6.592400 ms  DeleteObjects: 0.856500 ms)

AssetImportParameters requested are different than current active one (requested -> active):
  custom:framework-win-MediaFoundation: 216162199b28c13a410421893ffa2e32 -> 
  custom:video-decoder-ogg-theora: a1e56fd34408186e4bbccfd4996cb3dc -> 
  custom:container-muxer-webm: aa71ff27fc2769a1b78a27578f13a17b -> 
  custom:container-demuxer-webm: 4f35f7cbe854078d1ac9338744f61a02 -> 
  custom:container-demuxer-ogg: 62fdf1f143b41e24485cea50d1cbac27 -> 
  custom:video-encoder-webm-vp8: eb34c28f22e8b96e1ab97ce403110664 -> 
  custom:video-decoder-webm-vp8: 9c59270c3fd7afecdb556c50c9e8de78 -> 
  custom:graphics/normal-map-encoding: 01000000000000000000000000000000 -> 02000000000000000000000000000000
  custom:audio-decoder-ogg-vorbis: bf7c407c2cedff20999df2af8eb42d56 -> 
  custom:audio-encoder-webm-vorbis: bf7c407c2cedff20999df2af8eb42d56 -> 
========================================================================
Received Prepare
Registering precompiled user dll's ...
Registered in 0.054200 seconds.
Begin MonoManager ReloadAssembly
Native extension for WindowsStandalone target not found
Refreshing native plugins compatible for Editor in 1.58 ms, found 2 plugins.
Preloading 0 native plugins for Editor in 0.00 ms.
Mono: successfully reloaded assembly
- Completed reload, in  7.949 seconds
Domain Reload Profiling:
	ReloadAssembly (8030ms)
		BeginReloadAssembly (1384ms)
			ExecutionOrderSort (0ms)
			DisableScriptedObjects (138ms)
			BackupInstance (0ms)
			ReleaseScriptingObjects (3ms)
			CreateAndSetChildDomain (827ms)
		EndReloadAssembly (6280ms)
			LoadAssemblies (429ms)
			RebuildTransferFunctionScriptingTraits (1ms)
			SetupTypeCache (2182ms)
			ReleaseScriptCaches (4ms)
			RebuildScriptCaches (196ms)
			SetupLoadedEditorAssemblies (2290ms)
				LogAssemblyErrors (0ms)
				InitializePlatformSupportModulesInManaged (23ms)
				SetLoadedEditorAssemblies (5ms)
				RefreshPlugins (2ms)
				BeforeProcessingInitializeOnLoad (398ms)
				ProcessInitializeOnLoadAttributes (1809ms)
				ProcessInitializeOnLoadMethodAttributes (17ms)
				AfterProcessingInitializeOnLoad (37ms)
				EditorAssembliesLoaded (1ms)
			ExecutionOrderSort2 (0ms)
			AwakeInstancesAfterBackupRestoration (31ms)
Platform modules already initialized, skipping
Switching build target platform(19) subTarget(0) extendedPlatform(0) -> platform(13) subTarget(537395200) extendedPlatform(0)
Refreshing native plugins compatible for Editor in 1.30 ms, found 2 plugins.
Preloading 0 native plugins for Editor in 0.00 ms.
Unloading 1462 Unused Serialized files (Serialized files now loaded: 0)
System memory in use before: 67.9 MB.
System memory in use after: 68.0 MB.

Unloading 14 unused Assets to reduce memory usage. Loaded Objects now: 1912.
Total: 11.288500 ms (FindLiveObjects: 0.763800 ms CreateObjectMapping: 0.218600 ms MarkObjects: 10.063000 ms  DeleteObjects: 0.236300 ms)

AssetImportParameters requested are different than current active one (requested -> active):
  custom:framework-win-MediaFoundation: 216162199b28c13a410421893ffa2e32 -> 
  custom:video-decoder-ogg-theora: a1e56fd34408186e4bbccfd4996cb3dc -> 
  custom:container-muxer-webm: aa71ff27fc2769a1b78a27578f13a17b -> 
  custom:container-demuxer-webm: 4f35f7cbe854078d1ac9338744f61a02 -> 
  custom:container-demuxer-ogg: 62fdf1f143b41e24485cea50d1cbac27 -> 
  custom:video-encoder-webm-vp8: eb34c28f22e8b96e1ab97ce403110664 -> 
  custom:video-decoder-webm-vp8: 9c59270c3fd7afecdb556c50c9e8de78 -> 
  custom:graphics/normal-map-encoding: 01000000000000000000000000000000 -> 02000000000000000000000000000000
  custom:audio-decoder-ogg-vorbis: bf7c407c2cedff20999df2af8eb42d56 -> 
  custom:audio-encoder-webm-vorbis: bf7c407c2cedff20999df2af8eb42d56 -> 
========================================================================
Received Prepare
Registering precompiled user dll's ...
Registered in 0.025925 seconds.
Begin MonoManager ReloadAssembly
Native extension for WindowsStandalone target not found
Refreshing native plugins compatible for Editor in 1.91 ms, found 2 plugins.
Preloading 0 native plugins for Editor in 0.00 ms.
Mono: successfully reloaded assembly
- Completed reload, in  5.364 seconds
Domain Reload Profiling:
	ReloadAssembly (5388ms)
		BeginReloadAssembly (922ms)
			ExecutionOrderSort (0ms)
			DisableScriptedObjects (94ms)
			BackupInstance (0ms)
			ReleaseScriptingObjects (2ms)
			CreateAndSetChildDomain (480ms)
		EndReloadAssembly (4113ms)
			LoadAssemblies (512ms)
			RebuildTransferFunctionScriptingTraits (1ms)
			SetupTypeCache (1484ms)
			ReleaseScriptCaches (2ms)
			RebuildScriptCaches (192ms)
			SetupLoadedEditorAssemblies (1402ms)
				LogAssemblyErrors (0ms)
				InitializePlatformSupportModulesInManaged (21ms)
				SetLoadedEditorAssemblies (6ms)
				RefreshPlugins (2ms)
				BeforeProcessingInitializeOnLoad (331ms)
				ProcessInitializeOnLoadAttributes (999ms)
				ProcessInitializeOnLoadMethodAttributes (16ms)
				AfterProcessingInitializeOnLoad (27ms)
				EditorAssembliesLoaded (1ms)
			ExecutionOrderSort2 (0ms)
			AwakeInstancesAfterBackupRestoration (38ms)
Platform modules already initialized, skipping
Switching build target platform(19) subTarget(0) extendedPlatform(0) -> platform(13) subTarget(537395200) extendedPlatform(0)
Refreshing native plugins compatible for Editor in 1.06 ms, found 2 plugins.
Preloading 0 native plugins for Editor in 0.00 ms.
Unloading 1462 Unused Serialized files (Serialized files now loaded: 0)
System memory in use before: 67.9 MB.
System memory in use after: 68.0 MB.

Unloading 14 unused Assets to reduce memory usage. Loaded Objects now: 1915.
Total: 9.681900 ms (FindLiveObjects: 0.578900 ms CreateObjectMapping: 0.131800 ms MarkObjects: 8.253100 ms  DeleteObjects: 0.713600 ms)

AssetImportParameters requested are different than current active one (requested -> active):
  custom:framework-win-MediaFoundation: 216162199b28c13a410421893ffa2e32 -> 
  custom:video-decoder-ogg-theora: a1e56fd34408186e4bbccfd4996cb3dc -> 
  custom:container-muxer-webm: aa71ff27fc2769a1b78a27578f13a17b -> 
  custom:container-demuxer-webm: 4f35f7cbe854078d1ac9338744f61a02 -> 
  custom:container-demuxer-ogg: 62fdf1f143b41e24485cea50d1cbac27 -> 
  custom:video-encoder-webm-vp8: eb34c28f22e8b96e1ab97ce403110664 -> 
  custom:video-decoder-webm-vp8: 9c59270c3fd7afecdb556c50c9e8de78 -> 
  custom:graphics/normal-map-encoding: 01000000000000000000000000000000 -> 02000000000000000000000000000000
  custom:audio-decoder-ogg-vorbis: bf7c407c2cedff20999df2af8eb42d56 -> 
  custom:audio-encoder-webm-vorbis: bf7c407c2cedff20999df2af8eb42d56 -> 
========================================================================
Received Prepare
Registering precompiled user dll's ...
Registered in 0.035399 seconds.
Begin MonoManager ReloadAssembly
Native extension for WindowsStandalone target not found
Refreshing native plugins compatible for Editor in 1.15 ms, found 2 plugins.
Preloading 0 native plugins for Editor in 0.00 ms.
Mono: successfully reloaded assembly
- Completed reload, in  4.870 seconds
Domain Reload Profiling:
	ReloadAssembly (4876ms)
		BeginReloadAssembly (569ms)
			ExecutionOrderSort (0ms)
			DisableScriptedObjects (48ms)
			BackupInstance (0ms)
			ReleaseScriptingObjects (2ms)
			CreateAndSetChildDomain (244ms)
		EndReloadAssembly (4042ms)
			LoadAssemblies (422ms)
			RebuildTransferFunctionScriptingTraits (1ms)
			SetupTypeCache (1225ms)
			ReleaseScriptCaches (2ms)
			RebuildScriptCaches (155ms)
			SetupLoadedEditorAssemblies (1647ms)
				LogAssemblyErrors (0ms)
				InitializePlatformSupportModulesInManaged (16ms)
				SetLoadedEditorAssemblies (3ms)
				RefreshPlugins (1ms)
				BeforeProcessingInitializeOnLoad (365ms)
				ProcessInitializeOnLoadAttributes (1204ms)
				ProcessInitializeOnLoadMethodAttributes (19ms)
				AfterProcessingInitializeOnLoad (36ms)
				EditorAssembliesLoaded (2ms)
			ExecutionOrderSort2 (0ms)
			AwakeInstancesAfterBackupRestoration (31ms)
Platform modules already initialized, skipping
Switching build target platform(19) subTarget(0) extendedPlatform(0) -> platform(13) subTarget(537395200) extendedPlatform(0)
Refreshing native plugins compatible for Editor in 1.39 ms, found 2 plugins.
Preloading 0 native plugins for Editor in 0.00 ms.
Unloading 1462 Unused Serialized files (Serialized files now loaded: 0)
System memory in use before: 67.9 MB.
System memory in use after: 68.0 MB.

Unloading 14 unused Assets to reduce memory usage. Loaded Objects now: 1918.
Total: 8.977700 ms (FindLiveObjects: 0.635500 ms CreateObjectMapping: 0.170900 ms MarkObjects: 7.935900 ms  DeleteObjects: 0.230300 ms)

AssetImportParameters requested are different than current active one (requested -> active):
  custom:framework-win-MediaFoundation: 216162199b28c13a410421893ffa2e32 -> 
  custom:video-decoder-ogg-theora: a1e56fd34408186e4bbccfd4996cb3dc -> 
  custom:container-muxer-webm: aa71ff27fc2769a1b78a27578f13a17b -> 
  custom:container-demuxer-webm: 4f35f7cbe854078d1ac9338744f61a02 -> 
  custom:container-demuxer-ogg: 62fdf1f143b41e24485cea50d1cbac27 -> 
  custom:video-encoder-webm-vp8: eb34c28f22e8b96e1ab97ce403110664 -> 
  custom:video-decoder-webm-vp8: 9c59270c3fd7afecdb556c50c9e8de78 -> 
  custom:graphics/normal-map-encoding: 01000000000000000000000000000000 -> 02000000000000000000000000000000
  custom:audio-decoder-ogg-vorbis: bf7c407c2cedff20999df2af8eb42d56 -> 
  custom:audio-encoder-webm-vorbis: bf7c407c2cedff20999df2af8eb42d56 -> 
AssetImportWorkerClient::OnTransportError - code=2 error=End of file
