Using pre-set license
Built from '2020.3/release' branch; Version is '2020.3.15f2 (6cf78cb77498) revision 7141260'; Using compiler version '192528614'; Build Type 'Release'
OS: 'Windows 10 Home Single Language; OS build 19042.1110; Version 2009; 64bit' Language: 'ru' Physical Memory: 3911 MB
BatchMode: 1, IsHumanControllingUs: 0, StartBugReporterOnCrash: 0, Is64bit: 1, IsPro: 0

 COMMAND LINE ARGUMENTS:
C:\Program Files\Unity\Hub\Editor\2020.3.15f2\Editor\Unity.exe
-adb2
-batchMode
-noUpm
-name
AssetImportWorker1
-projectPath
C:/Users/M2/Desktop/проект/Game001-2020-08-03
-logFile
Logs/AssetImportWorker1.log
-srvPort
56791
Successfully changed project path to: C:/Users/M2/Desktop/проект/Game001-2020-08-03
C:/Users/M2/Desktop/проект/Game001-2020-08-03
Using Asset Import Pipeline V2.
Refreshing native plugins compatible for Editor in 163.35 ms, found 2 plugins.
Preloading 0 native plugins for Editor in 0.00 ms.
Initialize engine version: 2020.3.15f2 (6cf78cb77498)
[Subsystems] Discovering subsystems at path C:/Program Files/Unity/Hub/Editor/2020.3.15f2/Editor/Data/Resources/UnitySubsystems
[Subsystems] Discovering subsystems at path C:/Users/M2/Desktop/проект/Game001-2020-08-03/Assets
GfxDevice: creating device client; threaded=0
Direct3D:
    Version:  Direct3D 11.0 [level 11.1]
    Renderer: Intel(R) UHD Graphics 605 (ID=0x3184)
    Vendor:   
    VRAM:     1955 MB
    Driver:   27.20.100.8681
Initialize mono
Mono path[0] = 'C:/Program Files/Unity/Hub/Editor/2020.3.15f2/Editor/Data/Managed'
Mono path[1] = 'C:/Program Files/Unity/Hub/Editor/2020.3.15f2/Editor/Data/MonoBleedingEdge/lib/mono/unityjit'
Mono config path = 'C:/Program Files/Unity/Hub/Editor/2020.3.15f2/Editor/Data/MonoBleedingEdge/etc'
Using monoOptions --debugger-agent=transport=dt_socket,embedding=1,server=y,suspend=n,address=127.0.0.1:56540
Begin MonoManager ReloadAssembly
Registering precompiled unity dll's ...
Register platform support module: C:/Program Files/Unity/Hub/Editor/2020.3.15f2/Editor/Data/PlaybackEngines/WindowsStandaloneSupport/UnityEditor.WindowsStandalone.Extensions.dll
Registered in 0.006448 seconds.
Native extension for WindowsStandalone target not found
Refreshing native plugins compatible for Editor in 97.66 ms, found 2 plugins.
Preloading 0 native plugins for Editor in 0.00 ms.
Mono: successfully reloaded assembly
- Completed reload, in 14.184 seconds
Domain Reload Profiling:
	ReloadAssembly (14185ms)
		BeginReloadAssembly (232ms)
			ExecutionOrderSort (0ms)
			DisableScriptedObjects (0ms)
			BackupInstance (0ms)
			ReleaseScriptingObjects (0ms)
			CreateAndSetChildDomain (4ms)
		EndReloadAssembly (1335ms)
			LoadAssemblies (221ms)
			RebuildTransferFunctionScriptingTraits (0ms)
			SetupTypeCache (468ms)
			ReleaseScriptCaches (0ms)
			RebuildScriptCaches (100ms)
			SetupLoadedEditorAssemblies (479ms)
				LogAssemblyErrors (0ms)
				InitializePlatformSupportModulesInManaged (13ms)
				SetLoadedEditorAssemblies (1ms)
				RefreshPlugins (98ms)
				BeforeProcessingInitializeOnLoad (40ms)
				ProcessInitializeOnLoadAttributes (231ms)
				ProcessInitializeOnLoadMethodAttributes (95ms)
				AfterProcessingInitializeOnLoad (0ms)
				EditorAssembliesLoaded (1ms)
			ExecutionOrderSort2 (0ms)
			AwakeInstancesAfterBackupRestoration (0ms)
Platform modules already initialized, skipping
Registering precompiled user dll's ...
Registered in 0.026096 seconds.
Begin MonoManager ReloadAssembly
Native extension for WindowsStandalone target not found
Refreshing native plugins compatible for Editor in 1.09 ms, found 2 plugins.
Preloading 0 native plugins for Editor in 0.00 ms.
Mono: successfully reloaded assembly
- Completed reload, in  5.335 seconds
Domain Reload Profiling:
	ReloadAssembly (5338ms)
		BeginReloadAssembly (576ms)
			ExecutionOrderSort (0ms)
			DisableScriptedObjects (17ms)
			BackupInstance (0ms)
			ReleaseScriptingObjects (0ms)
			CreateAndSetChildDomain (74ms)
		EndReloadAssembly (4535ms)
			LoadAssemblies (316ms)
			RebuildTransferFunctionScriptingTraits (0ms)
			SetupTypeCache (1125ms)
			ReleaseScriptCaches (1ms)
			RebuildScriptCaches (264ms)
			SetupLoadedEditorAssemblies (2368ms)
				LogAssemblyErrors (0ms)
				InitializePlatformSupportModulesInManaged (17ms)
				SetLoadedEditorAssemblies (2ms)
				RefreshPlugins (1ms)
				BeforeProcessingInitializeOnLoad (335ms)
				ProcessInitializeOnLoadAttributes (1976ms)
				ProcessInitializeOnLoadMethodAttributes (14ms)
				AfterProcessingInitializeOnLoad (23ms)
				EditorAssembliesLoaded (1ms)
			ExecutionOrderSort2 (0ms)
			AwakeInstancesAfterBackupRestoration (22ms)
Platform modules already initialized, skipping
========================================================================
Worker process is ready to serve import requests
Launched and connected shader compiler UnityShaderCompiler.exe after 0.26 seconds
Refreshing native plugins compatible for Editor in 1.20 ms, found 2 plugins.
Preloading 0 native plugins for Editor in 0.00 ms.
Unloading 1415 Unused Serialized files (Serialized files now loaded: 0)
System memory in use before: 65.6 MB.
System memory in use after: 65.7 MB.

Unloading 19 unused Assets to reduce memory usage. Loaded Objects now: 1848.
Total: 9.609300 ms (FindLiveObjects: 0.632800 ms CreateObjectMapping: 0.172200 ms MarkObjects: 8.490600 ms  DeleteObjects: 0.309400 ms)

AssetImportParameters requested are different than current active one (requested -> active):
  custom:framework-win-MediaFoundation: 216162199b28c13a410421893ffa2e32 -> 
  custom:video-decoder-ogg-theora: a1e56fd34408186e4bbccfd4996cb3dc -> 
  custom:container-muxer-webm: aa71ff27fc2769a1b78a27578f13a17b -> 
  custom:container-demuxer-webm: 4f35f7cbe854078d1ac9338744f61a02 -> 
  custom:container-demuxer-ogg: 62fdf1f143b41e24485cea50d1cbac27 -> 
  custom:video-encoder-webm-vp8: eb34c28f22e8b96e1ab97ce403110664 -> 
  custom:video-decoder-webm-vp8: 9c59270c3fd7afecdb556c50c9e8de78 -> 
  custom:audio-decoder-ogg-vorbis: bf7c407c2cedff20999df2af8eb42d56 -> 
  custom:audio-encoder-webm-vorbis: bf7c407c2cedff20999df2af8eb42d56 -> 
========================================================================
Received Import Request.
  path: Assets/Prefabs/UI/GlobalMessanges/MessageShop.prefab
  artifactKey: Guid(217e22a2e592af442a3af969ae0875e8) Importer(815301076,1909f56bfc062723c751e8b465ee728b)
Start importing Assets/Prefabs/UI/GlobalMessanges/MessageShop.prefab using Guid(217e22a2e592af442a3af969ae0875e8) Importer(815301076,1909f56bfc062723c751e8b465ee728b)  -> (artifact id: '334d7b9ac281a9253a799b3aebf1963a') in 0.267636 seconds 
  Import took 0.275613 seconds .

========================================================================
Received Import Request.
  Time since last request: 0.544667 seconds.
  path: Assets/Prefabs/UI/GlobalMessanges/MessageShop.prefab
  artifactKey: Guid(217e22a2e592af442a3af969ae0875e8) Importer(815301076,1909f56bfc062723c751e8b465ee728b)
Start importing Assets/Prefabs/UI/GlobalMessanges/MessageShop.prefab using Guid(217e22a2e592af442a3af969ae0875e8) Importer(815301076,1909f56bfc062723c751e8b465ee728b)  -> (artifact id: '334d7b9ac281a9253a799b3aebf1963a') in 0.104603 seconds 
  Import took 0.193709 seconds .

========================================================================
Received Prepare
Refreshing native plugins compatible for Editor in 14.16 ms, found 2 plugins.
Preloading 0 native plugins for Editor in 0.00 ms.
Unloading 12 Unused Serialized files (Serialized files now loaded: 0)
System memory in use before: 38.2 MB.
System memory in use after: 38.3 MB.

Unloading 14 unused Assets to reduce memory usage. Loaded Objects now: 1850.
Total: 12.145500 ms (FindLiveObjects: 0.654200 ms CreateObjectMapping: 0.367900 ms MarkObjects: 10.422600 ms  DeleteObjects: 0.696100 ms)

AssetImportParameters requested are different than current active one (requested -> active):
  custom:framework-win-MediaFoundation: 216162199b28c13a410421893ffa2e32 -> 
  custom:video-decoder-ogg-theora: a1e56fd34408186e4bbccfd4996cb3dc -> 
  custom:container-muxer-webm: aa71ff27fc2769a1b78a27578f13a17b -> 
  custom:container-demuxer-webm: 4f35f7cbe854078d1ac9338744f61a02 -> 
  custom:container-demuxer-ogg: 62fdf1f143b41e24485cea50d1cbac27 -> 
  custom:video-encoder-webm-vp8: eb34c28f22e8b96e1ab97ce403110664 -> 
  custom:video-decoder-webm-vp8: 9c59270c3fd7afecdb556c50c9e8de78 -> 
  custom:audio-decoder-ogg-vorbis: bf7c407c2cedff20999df2af8eb42d56 -> 
  custom:audio-encoder-webm-vorbis: bf7c407c2cedff20999df2af8eb42d56 -> 
========================================================================
Received Import Request.
  Time since last request: 22.843593 seconds.
  path: Assets/Prefabs/UI/GlobalMessanges/MessageShop.prefab
  artifactKey: Guid(217e22a2e592af442a3af969ae0875e8) Importer(815301076,1909f56bfc062723c751e8b465ee728b)
Start importing Assets/Prefabs/UI/GlobalMessanges/MessageShop.prefab using Guid(217e22a2e592af442a3af969ae0875e8) Importer(815301076,1909f56bfc062723c751e8b465ee728b)  -> (artifact id: '98c9010429f587c798674c1644d01ac2') in 0.134772 seconds 
  Import took 0.149783 seconds .

========================================================================
Received Import Request.
  Time since last request: 27.423629 seconds.
  path: Assets/Prefabs/UI/GlobalMessanges/MessageShop.prefab
  artifactKey: Guid(217e22a2e592af442a3af969ae0875e8) Importer(815301076,1909f56bfc062723c751e8b465ee728b)
Start importing Assets/Prefabs/UI/GlobalMessanges/MessageShop.prefab using Guid(217e22a2e592af442a3af969ae0875e8) Importer(815301076,1909f56bfc062723c751e8b465ee728b)  -> (artifact id: '98c9010429f587c798674c1644d01ac2') in 0.059140 seconds 
  Import took 0.129262 seconds .

========================================================================
Received Import Request.
  Time since last request: 5.857452 seconds.
  path: Assets/Prefabs/UI/GlobalMessanges/MessageShop.prefab
  artifactKey: Guid(217e22a2e592af442a3af969ae0875e8) Importer(815301076,1909f56bfc062723c751e8b465ee728b)
Start importing Assets/Prefabs/UI/GlobalMessanges/MessageShop.prefab using Guid(217e22a2e592af442a3af969ae0875e8) Importer(815301076,1909f56bfc062723c751e8b465ee728b)  -> (artifact id: 'f9eb6c2d5d6d6d18d5e23c6b68be19cd') in 0.049723 seconds 
  Import took 0.059464 seconds .

========================================================================
Received Import Request.
  Time since last request: 1.398302 seconds.
  path: Assets/Prefabs/UI/GlobalMessanges/MessageShop.prefab
  artifactKey: Guid(217e22a2e592af442a3af969ae0875e8) Importer(815301076,1909f56bfc062723c751e8b465ee728b)
Start importing Assets/Prefabs/UI/GlobalMessanges/MessageShop.prefab using Guid(217e22a2e592af442a3af969ae0875e8) Importer(815301076,1909f56bfc062723c751e8b465ee728b)  -> (artifact id: '74e9a9ed093cfd0f7a7a41e4a40d46b1') in 0.071493 seconds 
  Import took 0.082364 seconds .

========================================================================
Received Import Request.
  Time since last request: 0.018206 seconds.
  path: Assets/Prefabs/UI/GlobalMessanges/MessageShop.prefab
  artifactKey: Guid(217e22a2e592af442a3af969ae0875e8) Importer(815301076,1909f56bfc062723c751e8b465ee728b)
Start importing Assets/Prefabs/UI/GlobalMessanges/MessageShop.prefab using Guid(217e22a2e592af442a3af969ae0875e8) Importer(815301076,1909f56bfc062723c751e8b465ee728b)  -> (artifact id: '74e9a9ed093cfd0f7a7a41e4a40d46b1') in 0.065107 seconds 
  Import took 0.073372 seconds .

========================================================================
Received Import Request.
  Time since last request: 29.668745 seconds.
  path: Assets/Prefabs/UI/GlobalMessanges/MessageShop.prefab
  artifactKey: Guid(217e22a2e592af442a3af969ae0875e8) Importer(815301076,1909f56bfc062723c751e8b465ee728b)
Start importing Assets/Prefabs/UI/GlobalMessanges/MessageShop.prefab using Guid(217e22a2e592af442a3af969ae0875e8) Importer(815301076,1909f56bfc062723c751e8b465ee728b)  -> (artifact id: 'c9466611d5c7d407725405316b3c5acb') in 0.036572 seconds 
  Import took 0.046431 seconds .

========================================================================
Received Import Request.
  Time since last request: 19.163007 seconds.
  path: Assets/Prefabs/UI/GlobalMessanges/MessageShop.prefab
  artifactKey: Guid(217e22a2e592af442a3af969ae0875e8) Importer(815301076,1909f56bfc062723c751e8b465ee728b)
Start importing Assets/Prefabs/UI/GlobalMessanges/MessageShop.prefab using Guid(217e22a2e592af442a3af969ae0875e8) Importer(815301076,1909f56bfc062723c751e8b465ee728b)  -> (artifact id: 'f4db2825df271825238c4cec020592b2') in 0.106751 seconds 
  Import took 0.122966 seconds .

========================================================================
Received Prepare
Registering precompiled user dll's ...
Registered in 0.076662 seconds.
Begin MonoManager ReloadAssembly
Native extension for WindowsStandalone target not found
Refreshing native plugins compatible for Editor in 1.00 ms, found 2 plugins.
Preloading 0 native plugins for Editor in 0.00 ms.
Mono: successfully reloaded assembly
- Completed reload, in  4.955 seconds
Domain Reload Profiling:
	ReloadAssembly (4957ms)
		BeginReloadAssembly (286ms)
			ExecutionOrderSort (0ms)
			DisableScriptedObjects (14ms)
			BackupInstance (0ms)
			ReleaseScriptingObjects (0ms)
			CreateAndSetChildDomain (79ms)
		EndReloadAssembly (4431ms)
			LoadAssemblies (866ms)
			RebuildTransferFunctionScriptingTraits (0ms)
			SetupTypeCache (1104ms)
			ReleaseScriptCaches (2ms)
			RebuildScriptCaches (122ms)
			SetupLoadedEditorAssemblies (2001ms)
				LogAssemblyErrors (0ms)
				InitializePlatformSupportModulesInManaged (13ms)
				SetLoadedEditorAssemblies (1ms)
				RefreshPlugins (1ms)
				BeforeProcessingInitializeOnLoad (806ms)
				ProcessInitializeOnLoadAttributes (1148ms)
				ProcessInitializeOnLoadMethodAttributes (13ms)
				AfterProcessingInitializeOnLoad (18ms)
				EditorAssembliesLoaded (1ms)
			ExecutionOrderSort2 (0ms)
			AwakeInstancesAfterBackupRestoration (19ms)
Platform modules already initialized, skipping
Switching build target platform(19) subTarget(0) extendedPlatform(0) -> platform(13) subTarget(537395200) extendedPlatform(0)
Refreshing native plugins compatible for Editor in 0.94 ms, found 2 plugins.
Preloading 0 native plugins for Editor in 0.00 ms.
Unloading 1413 Unused Serialized files (Serialized files now loaded: 0)
System memory in use before: 65.6 MB.
System memory in use after: 65.7 MB.

Unloading 16 unused Assets to reduce memory usage. Loaded Objects now: 1853.
Total: 5.719800 ms (FindLiveObjects: 0.455800 ms CreateObjectMapping: 0.106800 ms MarkObjects: 5.005800 ms  DeleteObjects: 0.147900 ms)

AssetImportParameters requested are different than current active one (requested -> active):
  custom:framework-win-MediaFoundation: 216162199b28c13a410421893ffa2e32 -> 
  custom:video-decoder-ogg-theora: a1e56fd34408186e4bbccfd4996cb3dc -> 
  custom:container-muxer-webm: aa71ff27fc2769a1b78a27578f13a17b -> 
  custom:container-demuxer-webm: 4f35f7cbe854078d1ac9338744f61a02 -> 
  custom:container-demuxer-ogg: 62fdf1f143b41e24485cea50d1cbac27 -> 
  custom:video-encoder-webm-vp8: eb34c28f22e8b96e1ab97ce403110664 -> 
  custom:video-decoder-webm-vp8: 9c59270c3fd7afecdb556c50c9e8de78 -> 
  custom:graphics/normal-map-encoding: 01000000000000000000000000000000 -> 02000000000000000000000000000000
  custom:audio-decoder-ogg-vorbis: bf7c407c2cedff20999df2af8eb42d56 -> 
  custom:audio-encoder-webm-vorbis: bf7c407c2cedff20999df2af8eb42d56 -> 
AssetImportWorkerClient::OnTransportError - code=2 error=End of file
